2021-11-21 12:55:00,692 - DEBUG - my_logger : 디버그
2021-11-21 12:55:00,692 - INFO - my_logger : 정보
2021-11-21 12:55:00,693 - WARNING - my_logger : 경고
2021-11-21 12:55:00,694 - ERROR - my_logger : 오류
2021-11-21 12:55:00,694 - CRITICAL - my_logger : 심각
2021-11-21 12:56:13,019 - DEBUG - my_logger : 디버그
2021-11-21 12:56:13,020 - INFO - my_logger : 정보
2021-11-21 12:56:13,021 - WARNING - my_logger : 경고
2021-11-21 12:56:13,022 - ERROR - my_logger : 오류
2021-11-21 12:56:13,022 - CRITICAL - my_logger : 심각
2021-11-21 12:56:13,023 - DEBUG - my_logger : 디버그
2021-11-21 12:56:13,023 - DEBUG - my_logger : 디버그
2021-11-21 12:56:13,024 - INFO - my_logger : 정보
2021-11-21 12:56:13,024 - INFO - my_logger : 정보
2021-11-21 12:56:13,025 - WARNING - my_logger : 경고
2021-11-21 12:56:13,025 - WARNING - my_logger : 경고
2021-11-21 12:56:13,025 - ERROR - my_logger : 오류
2021-11-21 12:56:13,025 - ERROR - my_logger : 오류
2021-11-21 12:56:13,026 - CRITICAL - my_logger : 심각
2021-11-21 12:56:13,026 - CRITICAL - my_logger : 심각
2021-11-21 13:21:47,660 - DEBUG - my_logger : 디버그
2021-11-21 13:21:47,661 - INFO - my_logger : 정보
2021-11-21 13:21:47,661 - WARNING - my_logger : 경고
2021-11-21 13:21:47,662 - ERROR - my_logger : 오류
2021-11-21 13:21:47,662 - CRITICAL - my_logger : 심각
2021-11-21 13:21:52,831 - DEBUG - my_logger : 디버그
2021-11-21 13:21:52,832 - INFO - my_logger : 정보
2021-11-21 13:21:52,833 - WARNING - my_logger : 경고
2021-11-21 13:21:52,833 - ERROR - my_logger : 오류
2021-11-21 13:21:52,834 - CRITICAL - my_logger : 심각
2021-11-21 13:22:12,746 - DEBUG - my_logger : 디버그
2021-11-21 13:22:12,746 - DEBUG - my_logger : 디버그
2021-11-21 13:22:12,747 - INFO - my_logger : 정보
2021-11-21 13:22:12,747 - INFO - my_logger : 정보
2021-11-21 13:22:12,747 - WARNING - my_logger : 경고
2021-11-21 13:22:12,747 - WARNING - my_logger : 경고
2021-11-21 13:22:12,748 - ERROR - my_logger : 오류
2021-11-21 13:22:12,748 - ERROR - my_logger : 오류
2021-11-21 13:22:12,749 - CRITICAL - my_logger : 심각
2021-11-21 13:22:12,749 - CRITICAL - my_logger : 심각
